This is pdfTeX, Version 3.1415926-2.5-1.40.14 (MiKTeX 2.9 64-bit) (preloaded format=pdflatex 2014.12.8)  18 DEC 2015 11:00
entering extended mode
**thesis_campany.tex
(C:\Users\90919620\github_repos\hie_thesis_campany\thesis\thesis_campany.tex
LaTeX2e <2011/06/27>
Babel <v3.8m> and hyphenation patterns for english, afrikaans, ancientgreek, ar
abic, armenian, assamese, basque, bengali, bokmal, bulgarian, catalan, coptic, 
croatian, czech, danish, dutch, esperanto, estonian, farsi, finnish, french, ga
lician, german, german-x-2013-05-26, greek, gujarati, hindi, hungarian, iceland
ic, indonesian, interlingua, irish, italian, kannada, kurmanji, latin, latvian,
 lithuanian, malayalam, marathi, mongolian, mongolianlmc, monogreek, ngerman, n
german-x-2013-05-26, nynorsk, oriya, panjabi, pinyin, polish, portuguese, roman
ian, russian, sanskrit, serbian, slovak, slovenian, spanish, swedish, swissgerm
an, tamil, telugu, turkish, turkmen, ukenglish, ukrainian, uppersorbian, usengl
ishmax, welsh, loaded.
("C:\Program Files\MiKTeX 2.9\tex\latex\base\article.cls"
Document Class: article 2007/10/19 v1.4h Standard LaTeX document class
("C:\Program Files\MiKTeX 2.9\tex\latex\base\size10.clo"
File: size10.clo 2007/10/19 v1.4h Standard LaTeX file (size option)
)
\c@part=\count79
\c@section=\count80
\c@subsection=\count81
\c@subsubsection=\count82
\c@paragraph=\count83
\c@subparagraph=\count84
\c@figure=\count85
\c@table=\count86
\abovecaptionskip=\skip41
\belowcaptionskip=\skip42
\bibindent=\dimen102
)
("C:\Program Files\MiKTeX 2.9\tex\latex\graphics\graphicx.sty"
Package: graphicx 1999/02/16 v1.0f Enhanced LaTeX Graphics (DPC,SPQR)

("C:\Program Files\MiKTeX 2.9\tex\latex\graphics\keyval.sty"
Package: keyval 1999/03/16 v1.13 key=value parser (DPC)
\KV@toks@=\toks14
)
("C:\Program Files\MiKTeX 2.9\tex\latex\graphics\graphics.sty"
Package: graphics 2009/02/05 v1.0o Standard LaTeX Graphics (DPC,SPQR)

("C:\Program Files\MiKTeX 2.9\tex\latex\graphics\trig.sty"
Package: trig 1999/03/16 v1.09 sin cos tan (DPC)
)
("C:\Program Files\MiKTeX 2.9\tex\latex\00miktex\graphics.cfg"
File: graphics.cfg 2007/01/18 v1.5 graphics configuration of teTeX/TeXLive
)
Package graphics Info: Driver file: pdftex.def on input line 91.

("C:\Program Files\MiKTeX 2.9\tex\latex\pdftex-def\pdftex.def"
File: pdftex.def 2011/05/27 v0.06d Graphics/color for pdfTeX

("C:\Program Files\MiKTeX 2.9\tex\generic\oberdiek\infwarerr.sty"
Package: infwarerr 2010/04/08 v1.3 Providing info/warning/error messages (HO)
)
("C:\Program Files\MiKTeX 2.9\tex\generic\oberdiek\ltxcmds.sty"
Package: ltxcmds 2011/11/09 v1.22 LaTeX kernel commands for general use (HO)
)
\Gread@gobject=\count87
))
\Gin@req@height=\dimen103
\Gin@req@width=\dimen104
)
("C:\Program Files\MiKTeX 2.9\tex\latex\graphics\color.sty"
Package: color 2005/11/14 v1.0j Standard LaTeX Color (DPC)

("C:\Program Files\MiKTeX 2.9\tex\latex\00miktex\color.cfg"
File: color.cfg 2007/01/18 v1.5 color configuration of teTeX/TeXLive
)
Package color Info: Driver file: pdftex.def on input line 130.
)
(C:\Users\90919620\AppData\Roaming\MiKTeX\2.9\tex\latex\framed\framed.sty
Package: framed 2011/10/22 v 0.96: framed or shaded text with page breaks
\OuterFrameSep=\skip43
\fb@frw=\dimen105
\fb@frh=\dimen106
\FrameRule=\dimen107
\FrameSep=\dimen108
)
("C:\Program Files\MiKTeX 2.9\tex\latex\base\alltt.sty"
Package: alltt 1997/06/16 v2.0g defines alltt environment
)
("C:\Program Files\MiKTeX 2.9\tex\latex\amsfonts\amssymb.sty"
Package: amssymb 2013/01/14 v3.01 AMS font symbols

("C:\Program Files\MiKTeX 2.9\tex\latex\amsfonts\amsfonts.sty"
Package: amsfonts 2013/01/14 v3.01 Basic AMSFonts support
\@emptytoks=\toks15
\symAMSa=\mathgroup4
\symAMSb=\mathgroup5
LaTeX Font Info:    Overwriting math alphabet `\mathfrak' in version `bold'
(Font)                  U/euf/m/n --> U/euf/b/n on input line 106.
))
("C:\Program Files\MiKTeX 2.9\tex\latex\amsmath\amsmath.sty"
Package: amsmath 2013/01/14 v2.14 AMS math features
\@mathmargin=\skip44

For additional information on amsmath, use the `?' option.
("C:\Program Files\MiKTeX 2.9\tex\latex\amsmath\amstext.sty"
Package: amstext 2000/06/29 v2.01

("C:\Program Files\MiKTeX 2.9\tex\latex\amsmath\amsgen.sty"
File: amsgen.sty 1999/11/30 v2.0
\@emptytoks=\toks16
\ex@=\dimen109
))
("C:\Program Files\MiKTeX 2.9\tex\latex\amsmath\amsbsy.sty"
Package: amsbsy 1999/11/29 v1.2d
\pmbraise@=\dimen110
)
("C:\Program Files\MiKTeX 2.9\tex\latex\amsmath\amsopn.sty"
Package: amsopn 1999/12/14 v2.01 operator names
)
\inf@bad=\count88
LaTeX Info: Redefining \frac on input line 210.
\uproot@=\count89
\leftroot@=\count90
LaTeX Info: Redefining \overline on input line 306.
\classnum@=\count91
\DOTSCASE@=\count92
LaTeX Info: Redefining \ldots on input line 378.
LaTeX Info: Redefining \dots on input line 381.
LaTeX Info: Redefining \cdots on input line 466.
\Mathstrutbox@=\box26
\strutbox@=\box27
\big@size=\dimen111
LaTeX Font Info:    Redeclaring font encoding OML on input line 566.
LaTeX Font Info:    Redeclaring font encoding OMS on input line 567.
\macc@depth=\count93
\c@MaxMatrixCols=\count94
\dotsspace@=\muskip10
\c@parentequation=\count95
\dspbrk@lvl=\count96
\tag@help=\toks17
\row@=\count97
\column@=\count98
\maxfields@=\count99
\andhelp@=\toks18
\eqnshift@=\dimen112
\alignsep@=\dimen113
\tagshift@=\dimen114
\tagwidth@=\dimen115
\totwidth@=\dimen116
\lineht@=\dimen117
\@envbody=\toks19
\multlinegap=\skip45
\multlinetaggap=\skip46
\mathdisplay@stack=\toks20
LaTeX Info: Redefining \[ on input line 2665.
LaTeX Info: Redefining \] on input line 2666.
)
(C:\Users\90919620\AppData\Roaming\MiKTeX\2.9\tex\latex\wasysym\wasysym.sty
Package: wasysym 2003/10/30 v2.0 Wasy-2 symbol support package
\symwasy=\mathgroup6
LaTeX Font Info:    Overwriting symbol font `wasy' in version `bold'
(Font)                  U/wasy/m/n --> U/wasy/b/n on input line 90.
)
("C:\Program Files\MiKTeX 2.9\tex\latex\ltxmisc\parskip.sty"
Package: parskip 2001/04/09 non-zero parskip adjustments
)
(C:\Users\90919620\AppData\Roaming\MiKTeX\2.9\tex\latex\newtx\newtxtext.sty
Package: newtxtext 2015/07/09 v1.45

`newtxtext' v1.45, 2015/07/09 Text macros taking advantage of TeX-Gyre Termes f
onts (msharpe)
(C:\Users\90919620\AppData\Roaming\MiKTeX\2.9\tex\latex\fontaxes\fontaxes.sty
Package: fontaxes 2014/03/23 v1.0d Font selection axes
LaTeX Info: Redefining \upshape on input line 29.
LaTeX Info: Redefining \itshape on input line 31.
LaTeX Info: Redefining \slshape on input line 33.
LaTeX Info: Redefining \scshape on input line 37.
)
\ntx@fs=\dimen118

("C:\Program Files\MiKTeX 2.9\tex\latex\xkeyval\xkeyval.sty"
Package: xkeyval 2012/10/14 v2.6b package option processing (HA)

("C:\Program Files\MiKTeX 2.9\tex\generic\xkeyval\xkeyval.tex"
\XKV@toks=\toks21
\XKV@tempa@toks=\toks22
\XKV@depth=\count100
File: xkeyval.tex 2012/10/14 v2.6b key=value parser (HA)
))
(C:\Users\90919620\AppData\Roaming\MiKTeX\2.9\tex\latex\etoolbox\etoolbox.sty
Package: etoolbox 2015/05/04 v2.2 e-TeX tools for LaTeX (JAW)

("C:\Program Files\MiKTeX 2.9\tex\latex\misc\etex.sty"
Package: etex 1998/03/26 v2.0 eTeX basic definition package (PEB)
\et@xins=\count101
)
\etb@tempcnta=\count102
)
("C:\Program Files\MiKTeX 2.9\tex\latex\base\fontenc.sty"
Package: fontenc 2005/09/27 v1.99g Standard LaTeX package

("C:\Program Files\MiKTeX 2.9\tex\latex\base\t1enc.def"
File: t1enc.def 2005/09/27 v1.99g Standard LaTeX file
LaTeX Font Info:    Redeclaring font encoding T1 on input line 43.
))
("C:\Program Files\MiKTeX 2.9\tex\latex\base\textcomp.sty"
Package: textcomp 2005/09/27 v1.99g Standard LaTeX package
Package textcomp Info: Sub-encoding information:
(textcomp)               5 = only ISO-Adobe without \textcurrency
(textcomp)               4 = 5 + \texteuro
(textcomp)               3 = 4 + \textohm
(textcomp)               2 = 3 + \textestimated + \textcurrency
(textcomp)               1 = TS1 - \textcircled - \t
(textcomp)               0 = TS1 (full)
(textcomp)             Font families with sub-encoding setting implement
(textcomp)             only a restricted character set as indicated.
(textcomp)             Family '?' is the default used for unknown fonts.
(textcomp)             See the documentation for details.
Package textcomp Info: Setting ? sub-encoding to TS1/1 on input line 71.
Package textcomp Info: Changing ? sub-encoding to TS1/0 on input line 72.

("C:\Program Files\MiKTeX 2.9\tex\latex\base\ts1enc.def"
File: ts1enc.def 2001/06/05 v3.0e (jk/car/fm) Standard LaTeX file
)
LaTeX Info: Redefining \oldstylenums on input line 266.
Package textcomp Info: Setting cmr sub-encoding to TS1/0 on input line 281.
Package textcomp Info: Setting cmss sub-encoding to TS1/0 on input line 282.
Package textcomp Info: Setting cmtt sub-encoding to TS1/0 on input line 283.
Package textcomp Info: Setting cmvtt sub-encoding to TS1/0 on input line 284.
Package textcomp Info: Setting cmbr sub-encoding to TS1/0 on input line 285.
Package textcomp Info: Setting cmtl sub-encoding to TS1/0 on input line 286.
Package textcomp Info: Setting ccr sub-encoding to TS1/0 on input line 287.
Package textcomp Info: Setting ptm sub-encoding to TS1/4 on input line 288.
Package textcomp Info: Setting pcr sub-encoding to TS1/4 on input line 289.
Package textcomp Info: Setting phv sub-encoding to TS1/4 on input line 290.
Package textcomp Info: Setting ppl sub-encoding to TS1/3 on input line 291.
Package textcomp Info: Setting pag sub-encoding to TS1/4 on input line 292.
Package textcomp Info: Setting pbk sub-encoding to TS1/4 on input line 293.
Package textcomp Info: Setting pnc sub-encoding to TS1/4 on input line 294.
Package textcomp Info: Setting pzc sub-encoding to TS1/4 on input line 295.
Package textcomp Info: Setting bch sub-encoding to TS1/4 on input line 296.
Package textcomp Info: Setting put sub-encoding to TS1/5 on input line 297.
Package textcomp Info: Setting uag sub-encoding to TS1/5 on input line 298.
Package textcomp Info: Setting ugq sub-encoding to TS1/5 on input line 299.
Package textcomp Info: Setting ul8 sub-encoding to TS1/4 on input line 300.
Package textcomp Info: Setting ul9 sub-encoding to TS1/4 on input line 301.
Package textcomp Info: Setting augie sub-encoding to TS1/5 on input line 302.
Package textcomp Info: Setting dayrom sub-encoding to TS1/3 on input line 303.
Package textcomp Info: Setting dayroms sub-encoding to TS1/3 on input line 304.

Package textcomp Info: Setting pxr sub-encoding to TS1/0 on input line 305.
Package textcomp Info: Setting pxss sub-encoding to TS1/0 on input line 306.
Package textcomp Info: Setting pxtt sub-encoding to TS1/0 on input line 307.
Package textcomp Info: Setting txr sub-encoding to TS1/0 on input line 308.
Package textcomp Info: Setting txss sub-encoding to TS1/0 on input line 309.
Package textcomp Info: Setting txtt sub-encoding to TS1/0 on input line 310.
Package textcomp Info: Setting lmr sub-encoding to TS1/0 on input line 311.
Package textcomp Info: Setting lmdh sub-encoding to TS1/0 on input line 312.
Package textcomp Info: Setting lmss sub-encoding to TS1/0 on input line 313.
Package textcomp Info: Setting lmssq sub-encoding to TS1/0 on input line 314.
Package textcomp Info: Setting lmvtt sub-encoding to TS1/0 on input line 315.
Package textcomp Info: Setting qhv sub-encoding to TS1/0 on input line 316.
Package textcomp Info: Setting qag sub-encoding to TS1/0 on input line 317.
Package textcomp Info: Setting qbk sub-encoding to TS1/0 on input line 318.
Package textcomp Info: Setting qcr sub-encoding to TS1/0 on input line 319.
Package textcomp Info: Setting qcs sub-encoding to TS1/0 on input line 320.
Package textcomp Info: Setting qpl sub-encoding to TS1/0 on input line 321.
Package textcomp Info: Setting qtm sub-encoding to TS1/0 on input line 322.
Package textcomp Info: Setting qzc sub-encoding to TS1/0 on input line 323.
Package textcomp Info: Setting qhvc sub-encoding to TS1/0 on input line 324.
Package textcomp Info: Setting futs sub-encoding to TS1/4 on input line 325.
Package textcomp Info: Setting futx sub-encoding to TS1/4 on input line 326.
Package textcomp Info: Setting futj sub-encoding to TS1/4 on input line 327.
Package textcomp Info: Setting hlh sub-encoding to TS1/3 on input line 328.
Package textcomp Info: Setting hls sub-encoding to TS1/3 on input line 329.
Package textcomp Info: Setting hlst sub-encoding to TS1/3 on input line 330.
Package textcomp Info: Setting hlct sub-encoding to TS1/5 on input line 331.
Package textcomp Info: Setting hlx sub-encoding to TS1/5 on input line 332.
Package textcomp Info: Setting hlce sub-encoding to TS1/5 on input line 333.
Package textcomp Info: Setting hlcn sub-encoding to TS1/5 on input line 334.
Package textcomp Info: Setting hlcw sub-encoding to TS1/5 on input line 335.
Package textcomp Info: Setting hlcf sub-encoding to TS1/5 on input line 336.
Package textcomp Info: Setting pplx sub-encoding to TS1/3 on input line 337.
Package textcomp Info: Setting pplj sub-encoding to TS1/3 on input line 338.
Package textcomp Info: Setting ptmx sub-encoding to TS1/4 on input line 339.
Package textcomp Info: Setting ptmj sub-encoding to TS1/4 on input line 340.
))
(C:\Users\90919620\AppData\Roaming\MiKTeX\2.9\tex\latex\newtx\newtxmath.sty
Package: newtxmath 2015/07/09 v1.45

`newtxmath' v1.45, 2015/07/09 Math macros based on txfonts (msharpe)
("C:\Program Files\MiKTeX 2.9\tex\generic\ifxetex\ifxetex.sty"
Package: ifxetex 2010/09/12 v0.6 Provides ifxetex conditional
)
("C:\Program Files\MiKTeX 2.9\tex\generic\oberdiek\ifluatex.sty"
Package: ifluatex 2010/03/01 v1.3 Provides the ifluatex switch (HO)
Package ifluatex Info: LuaTeX not detected.
)
(C:\Users\90919620\AppData\Roaming\MiKTeX\2.9\tex\generic\binhex\binhex.tex)
\tx@Isdigit=\count103
LaTeX Font Info:    Redeclaring symbol font `operators' on input line 113.
LaTeX Font Info:    Overwriting symbol font `operators' in version `normal'
(Font)                  OT1/cmr/m/n --> OT1/ntxtlf/m/n on input line 113.
LaTeX Font Info:    Overwriting symbol font `operators' in version `bold'
(Font)                  OT1/cmr/bx/n --> OT1/ntxtlf/m/n on input line 113.
LaTeX Font Info:    Overwriting symbol font `operators' in version `bold'
(Font)                  OT1/ntxtlf/m/n --> OT1/ntxtlf/b/n on input line 114.
LaTeX Font Info:    Redeclaring math alphabet \mathsf on input line 120.
LaTeX Font Info:    Overwriting math alphabet `\mathsf' in version `normal'
(Font)                  OT1/cmss/m/n --> T1/qhv/m/n on input line 120.
LaTeX Font Info:    Overwriting math alphabet `\mathsf' in version `bold'
(Font)                  OT1/cmss/bx/n --> T1/qhv/m/n on input line 120.
LaTeX Font Info:    Redeclaring math alphabet \mathit on input line 121.
LaTeX Font Info:    Overwriting math alphabet `\mathit' in version `normal'
(Font)                  OT1/cmr/m/it --> OT1/ntxtlf/m/it on input line 121.
LaTeX Font Info:    Overwriting math alphabet `\mathit' in version `bold'
(Font)                  OT1/cmr/bx/it --> OT1/ntxtlf/m/it on input line 121.
LaTeX Font Info:    Redeclaring math alphabet \mathtt on input line 122.
LaTeX Font Info:    Overwriting math alphabet `\mathtt' in version `normal'
(Font)                  OT1/cmtt/m/n --> T1/ntxtt/m/n on input line 122.
LaTeX Font Info:    Overwriting math alphabet `\mathtt' in version `bold'
(Font)                  OT1/cmtt/m/n --> T1/ntxtt/m/n on input line 122.
LaTeX Font Info:    Redeclaring math alphabet \mathbf on input line 124.
LaTeX Font Info:    Overwriting math alphabet `\mathbf' in version `normal'
(Font)                  OT1/cmr/bx/n --> OT1/ntxtlf/b/n on input line 124.
LaTeX Font Info:    Overwriting math alphabet `\mathbf' in version `bold'
(Font)                  OT1/cmr/bx/n --> OT1/ntxtlf/b/n on input line 124.
LaTeX Font Info:    Overwriting math alphabet `\mathit' in version `bold'
(Font)                  OT1/ntxtlf/m/it --> OT1/ntxtlf/b/it on input line 125.
LaTeX Font Info:    Overwriting math alphabet `\mathsf' in version `bold'
(Font)                  T1/qhv/m/n --> T1/qhv/b/n on input line 126.
LaTeX Font Info:    Overwriting math alphabet `\mathtt' in version `bold'
(Font)                  T1/ntxtt/m/n --> T1/ntxtt/b/n on input line 127.
LaTeX Font Info:    Redeclaring symbol font `letters' on input line 173.
LaTeX Font Info:    Overwriting symbol font `letters' in version `normal'
(Font)                  OML/cmm/m/it --> OML/ntxmi/m/it on input line 173.
LaTeX Font Info:    Overwriting symbol font `letters' in version `bold'
(Font)                  OML/cmm/b/it --> OML/ntxmi/m/it on input line 173.
LaTeX Font Info:    Overwriting symbol font `letters' in version `bold'
(Font)                  OML/ntxmi/m/it --> OML/ntxmi/b/it on input line 174.
\symlettersA=\mathgroup7
LaTeX Font Info:    Overwriting symbol font `lettersA' in version `bold'
(Font)                  U/ntxmia/m/it --> U/ntxmia/b/it on input line 189.
LaTeX Font Info:    Redeclaring math alphabet \mathfrak on input line 191.
LaTeX Font Info:    Redeclaring symbol font `symbols' on input line 197.
LaTeX Font Info:    Overwriting symbol font `symbols' in version `normal'
(Font)                  OMS/cmsy/m/n --> OMS/ntxsy/m/n on input line 197.
LaTeX Font Info:    Overwriting symbol font `symbols' in version `bold'
(Font)                  OMS/cmsy/b/n --> OMS/ntxsy/m/n on input line 197.
LaTeX Font Info:    Overwriting symbol font `symbols' in version `bold'
(Font)                  OMS/ntxsy/m/n --> OMS/ntxsy/b/n on input line 198.
\symAMSm=\mathgroup8
LaTeX Font Info:    Overwriting symbol font `AMSm' in version `bold'
(Font)                  U/ntxsym/m/n --> U/ntxsym/b/n on input line 218.
\symsymbolsC=\mathgroup9
LaTeX Font Info:    Overwriting symbol font `symbolsC' in version `bold'
(Font)                  U/ntxsyc/m/n --> U/ntxsyc/b/n on input line 239.
LaTeX Font Info:    Redeclaring symbol font `largesymbols' on input line 252.
LaTeX Font Info:    Encoding `OMX' has changed to `LMX' for symbol font
(Font)              `largesymbols' in the math version `normal' on input line 2
52.
LaTeX Font Info:    Overwriting symbol font `largesymbols' in version `normal'
(Font)                  OMX/cmex/m/n --> LMX/ntxexx/m/n on input line 252.
LaTeX Font Info:    Encoding `OMX' has changed to `LMX' for symbol font
(Font)              `largesymbols' in the math version `bold' on input line 252
.
LaTeX Font Info:    Overwriting symbol font `largesymbols' in version `bold'
(Font)                  OMX/cmex/m/n --> LMX/ntxexx/m/n on input line 252.
LaTeX Font Info:    Overwriting symbol font `largesymbols' in version `bold'
(Font)                  LMX/ntxexx/m/n --> LMX/ntxexx/b/n on input line 253.
\symlargesymbolsTXA=\mathgroup10
LaTeX Font Info:    Overwriting symbol font `largesymbolsTXA' in version `bold'

(Font)                  U/ntxexa/m/n --> U/ntxexa/b/n on input line 267.
LaTeX Info: Redefining \not on input line 1692.
)
(C:\Users\90919620\AppData\Roaming\MiKTeX\2.9\tex\latex\preprint\authblk.sty
Package: authblk 2001/02/27 1.3 (PWD)
\affilsep=\skip47
\@affilsep=\skip48
\c@Maxaffil=\count104
\c@authors=\count105
\c@affil=\count106
)
(C:\Users\90919620\AppData\Roaming\MiKTeX\2.9\tex\latex\natbib\natbib.sty
Package: natbib 2010/09/13 8.31b (PWD, AO)
\bibhang=\skip49
\bibsep=\skip50
LaTeX Info: Redefining \cite on input line 694.
\c@NAT@ctr=\count107
)
(C:\Users\90919620\AppData\Roaming\MiKTeX\2.9\tex\latex\tocbibind\tocbibind.sty
Package: tocbibind 2010/10/13 v1.5k extra ToC listings
Package tocbibind Info: The document has section divisions on input line 50.

Package tocbibind Note: Using section or other style headings.

) (C:\Users\90919620\AppData\Roaming\MiKTeX\2.9\tex\latex\csquotes\csquotes.sty
Package: csquotes 2015/07/18 v5.1f context-sensitive quotations (JAW)
\csq@reset=\count108
\csq@gtype=\count109
\csq@glevel=\count110
\csq@qlevel=\count111
\csq@maxlvl=\count112
\csq@tshold=\count113
\csq@ltx@everypar=\toks23
(C:\Users\90919620\AppData\Roaming\MiKTeX\2.9\tex\latex\csquotes\csquotes.def
File: csquotes.def 2015/07/18 v5.1f csquotes generic definitions (JAW)
)
Package csquotes Info: Trying to load configuration file 'csquotes.cfg'...
Package csquotes Info: ... configuration file loaded successfully.

(C:\Users\90919620\AppData\Roaming\MiKTeX\2.9\tex\latex\csquotes\csquotes.cfg
File: csquotes.cfg 
)) (C:\Users\90919620\AppData\Roaming\MiKTeX\2.9\tex\latex\was\gensymb.sty
Package: gensymb 2003/07/02 v1.0 (WaS)
)
(C:\Users\90919620\AppData\Roaming\MiKTeX\2.9\tex\latex\lineno\lineno.sty
Package: lineno 2005/11/02 line numbers on paragraphs v4.41
\linenopenalty=\count114
\output=\toks24
\linenoprevgraf=\count115
\linenumbersep=\dimen119
\linenumberwidth=\dimen120
\c@linenumber=\count116
\c@pagewiselinenumber=\count117
\c@LN@truepage=\count118
\c@internallinenumber=\count119
\c@internallinenumbers=\count120
\quotelinenumbersep=\dimen121
\bframerule=\dimen122
\bframesep=\dimen123
\bframebox=\box28


LaTeX Warning: Command \@parboxrestore  has changed.
               Check if current package is valid.

LaTeX Info: Redefining \\ on input line 3056.
) ("C:\Program Files\MiKTeX 2.9\tex\latex\geometry\geometry.sty"
Package: geometry 2010/09/12 v5.6 Page Geometry

("C:\Program Files\MiKTeX 2.9\tex\generic\oberdiek\ifpdf.sty"
Package: ifpdf 2011/01/30 v2.3 Provides the ifpdf switch (HO)
Package ifpdf Info: pdfTeX in PDF mode is detected.
)
("C:\Program Files\MiKTeX 2.9\tex\generic\oberdiek\ifvtex.sty"
Package: ifvtex 2010/03/01 v1.5 Detect VTeX and its facilities (HO)
Package ifvtex Info: VTeX not detected.
)
\Gm@cnth=\count121
\Gm@cntv=\count122
\c@Gm@tempcnt=\count123
\Gm@bindingoffset=\dimen124
\Gm@wd@mp=\dimen125
\Gm@odd@mp=\dimen126
\Gm@even@mp=\dimen127
\Gm@layoutwidth=\dimen128
\Gm@layoutheight=\dimen129
\Gm@layouthoffset=\dimen130
\Gm@layoutvoffset=\dimen131
\Gm@dimlist=\toks25

("C:\Program Files\MiKTeX 2.9\tex\latex\geometry\geometry.cfg"))
("C:\Program Files\MiKTeX 2.9\tex\latex\base\fixltx2e.sty"
Package: fixltx2e 2006/09/13 v1.1m fixes to LaTeX
LaTeX Info: Redefining \em on input line 420.
LaTeX Info: The control sequence `\[' is already robust on input line 471.
LaTeX Info: The control sequence `\]' is already robust on input line 472.
)
(C:\Users\90919620\AppData\Roaming\MiKTeX\2.9\tex\latex\rotating\rotating.sty
Package: rotating 2009/03/28 v2.16a rotated objects in LaTeX

("C:\Program Files\MiKTeX 2.9\tex\latex\base\ifthen.sty"
Package: ifthen 2001/05/26 v1.1c Standard LaTeX ifthen package (DPC)
)
\c@r@tfl@t=\count124
\rotFPtop=\skip51
\rotFPbot=\skip52
\rot@float@box=\box29
\rot@mess@toks=\toks26
)
(C:\Users\90919620\AppData\Roaming\MiKTeX\2.9\tex\latex\caption\caption.sty
Package: caption 2013/05/02 v3.3-89 Customizing captions (AR)

(C:\Users\90919620\AppData\Roaming\MiKTeX\2.9\tex\latex\caption\caption3.sty
Package: caption3 2013/05/02 v1.6-88 caption3 kernel (AR)
Package caption3 Info: TeX engine: e-TeX on input line 57.
\captionmargin=\dimen132
\captionmargin@=\dimen133
\captionwidth=\dimen134
\caption@tempdima=\dimen135
\caption@indent=\dimen136
\caption@parindent=\dimen137
\caption@hangindent=\dimen138
)
\c@ContinuedFloat=\count125
Package caption Info: rotating package is loaded.
)
(C:\Users\90919620\AppData\Roaming\MiKTeX\2.9\tex\latex\textgreek\textgreek.sty
Package: textgreek 2011/10/09 v0.7 Greek symbols in text
Package textgreek Info: Loading the definitions for the Greek fontencoding. on 
input line 39.

(C:\Users\90919620\AppData\Roaming\MiKTeX\2.9\tex\latex\greek-fontenc\lgrenc.de
f
File: lgrenc.def 2013/07/16 v0.9 LGR Greek font encoding definitions

(C:\Users\90919620\AppData\Roaming\MiKTeX\2.9\tex\latex\greek-fontenc\greek-fon
tenc.def
File: greek-fontenc.def 2013/11/28 v0.11 Common Greek font encoding definitions

))
Package textgreek Info: Loaded fontmap: {eur/*/*}{U/eur/*/*} {phv/*/*}{U/psy/*/
*}. on input line 69.
)
(C:\Users\90919620\AppData\Roaming\MiKTeX\2.9\tex\latex\sectsty\sectsty.sty
Package: sectsty 2002/02/25 v2.0.2 Commands to change all sectional heading sty
les
)
(C:\Users\90919620\AppData\Roaming\MiKTeX\2.9\tex\latex\upquote\upquote.sty
Package: upquote 2012/04/19 v1.3 upright-quote and grave-accent glyphs in verba
tim
)
LaTeX Font Info:    Try loading font information for T1+ntxtlf on input line 13
1.

(C:\Users\90919620\AppData\Roaming\MiKTeX\2.9\tex\latex\newtx\t1ntxtlf.fd
File: t1ntxtlf.fd 2015/01/17 v1.0 font definition file for T1/ntx/tlf
)
LaTeX Font Info:    Font shape `T1/ntxtlf/m/n' will be
(Font)              scaled to size 10.0pt on input line 131.
Package csquotes Info: Checking for multilingual support...
Package csquotes Info: ... none found.

(C:\Users\90919620\github_repos\hie_thesis_campany\thesis\thesis_campany.aux)
LaTeX Font Info:    Checking defaults for OML/ntxmi/m/it on input line 131.
LaTeX Font Info:    Try loading font information for OML+ntxmi on input line 13
1.

(C:\Users\90919620\AppData\Roaming\MiKTeX\2.9\tex\latex\newtx\omlntxmi.fd
File: omlntxmi.fd 2012/03/22 Fontinst v1.933 font definitions for OML/ntxmi.
)
LaTeX Font Info:    ... okay on input line 131.
LaTeX Font Info:    Checking defaults for T1/cmr/m/n on input line 131.
LaTeX Font Info:    ... okay on input line 131.
LaTeX Font Info:    Checking defaults for OT1/cmr/m/n on input line 131.
LaTeX Font Info:    ... okay on input line 131.
LaTeX Font Info:    Checking defaults for OMS/ntxsy/m/n on input line 131.
LaTeX Font Info:    Try loading font information for OMS+ntxsy on input line 13
1.

(C:\Users\90919620\AppData\Roaming\MiKTeX\2.9\tex\latex\newtx\omsntxsy.fd
File: omsntxsy.fd 2012/11/14 Fontinst v1.933 font definitions for OMS/ntxsy.
)
LaTeX Font Info:    ... okay on input line 131.
LaTeX Font Info:    Checking defaults for OMX/cmex/m/n on input line 131.
LaTeX Font Info:    ... okay on input line 131.
LaTeX Font Info:    Checking defaults for U/ntxexa/m/n on input line 131.
LaTeX Font Info:    Try loading font information for U+ntxexa on input line 131
.

(C:\Users\90919620\AppData\Roaming\MiKTeX\2.9\tex\latex\newtx\untxexa.fd
File: untxexa.fd 2012/04/16 Fontinst v1.933 font definitions for U/ntxexa.
)
LaTeX Font Info:    ... okay on input line 131.
LaTeX Font Info:    Checking defaults for TS1/cmr/m/n on input line 131.
LaTeX Font Info:    Try loading font information for TS1+cmr on input line 131.


("C:\Program Files\MiKTeX 2.9\tex\latex\base\ts1cmr.fd"
File: ts1cmr.fd 1999/05/25 v2.5h Standard LaTeX font definitions
)
LaTeX Font Info:    ... okay on input line 131.
LaTeX Font Info:    Checking defaults for LMX/ntxexx/m/n on input line 131.
LaTeX Font Info:    ... okay on input line 131.
LaTeX Font Info:    Checking defaults for LGR/cmr/m/n on input line 131.
LaTeX Font Info:    Try loading font information for LGR+cmr on input line 131.


(C:\Users\90919620\AppData\Roaming\MiKTeX\2.9\tex\latex\cbfonts-fd\lgrcmr.fd
File: lgrcmr.fd 2013/09/01 v1.0 Greek European Computer Regular
)
LaTeX Font Info:    ... okay on input line 131.

(C:\Users\90919620\AppData\Roaming\MiKTeX\2.9\tex\context\base\supp-pdf.mkii
[Loading MPS to PDF converter (version 2006.09.02).]
\scratchcounter=\count126
\scratchdimen=\dimen139
\scratchbox=\box30
\nofMPsegments=\count127
\nofMParguments=\count128
\everyMPshowfont=\toks27
\MPscratchCnt=\count129
\MPscratchDim=\dimen140
\MPnumerator=\count130
\makeMPintoPDFobject=\count131
\everyMPtoPDFconversion=\toks28
)
\c@mv@tabular=\count132
\c@mv@boldtabular=\count133
\symgns@font=\mathgroup11
LaTeX Font Info:    Overwriting symbol font `gns@font' in version `bold'
(Font)                  TS1/ntxtlf/m/n --> TS1/ntxtlf/bx/n on input line 131.
Package gensymb Info: Math companion symbols declared on input line 131.
LaTeX Info: Redefining \degree on input line 131.
LaTeX Info: Redefining \celsius on input line 131.
Package gensymb Info: Using text companion symbols for \degree, \celsius and \p
erthousand on input line 131.
LaTeX Info: Redefining \ohm on input line 131.
Package gensymb Info: Using \textohm for \ohm on input line 131.
Package gensymb Info: Using \textmu for \micro on input line 131.

*geometry* driver: auto-detecting
*geometry* detected driver: pdftex
*geometry* verbose mode - [ preamble ] result:
* driver: pdftex
* paper: a4paper
* layout: <same size as paper>
* layoutoffset:(h,v)=(0.0pt,0.0pt)
* modes: 
* h-part:(L,W,R)=(85.35826pt, 426.79135pt, 85.35826pt)
* v-part:(T,H,B)=(85.35826pt, 674.33032pt, 85.35826pt)
* \paperwidth=597.50787pt
* \paperheight=845.04684pt
* \textwidth=426.79135pt
* \textheight=674.33032pt
* \oddsidemargin=13.08827pt
* \evensidemargin=13.08827pt
* \topmargin=-23.91173pt
* \headheight=12.0pt
* \headsep=25.0pt
* \topskip=10.0pt
* \footskip=30.0pt
* \marginparwidth=57.0pt
* \marginparsep=11.0pt
* \columnsep=10.0pt
* \skip\footins=9.0pt plus 4.0pt minus 2.0pt
* \hoffset=0.0pt
* \voffset=0.0pt
* \mag=1000
* \@twocolumnfalse
* \@twosidefalse
* \@mparswitchfalse
* \@reversemarginfalse
* (1in=72.27pt=25.4mm, 1cm=28.453pt)

Package caption Info: Begin \AtBeginDocument code.
Package caption Info: End \AtBeginDocument code.
LaTeX Font Info:    Font shape `T1/ntxtlf/m/n' will be
(Font)              scaled to size 20.74pt on input line 142.
LaTeX Font Info:    Font shape `T1/ntxtlf/bx/n' in size <20.74> not available
(Font)              Font shape `T1/ntxtlf/b/n' tried instead on input line 143.

LaTeX Font Info:    Font shape `T1/ntxtlf/b/n' will be
(Font)              scaled to size 20.74pt on input line 143.
LaTeX Font Info:    Font shape `T1/ntxtlf/m/n' will be
(Font)              scaled to size 14.4pt on input line 147.
LaTeX Font Info:    Font shape `T1/ntxtlf/m/n' will be
(Font)              scaled to size 17.28pt on input line 152.
LaTeX Font Info:    Font shape `T1/ntxtlf/bx/n' in size <17.28> not available
(Font)              Font shape `T1/ntxtlf/b/n' tried instead on input line 153.

LaTeX Font Info:    Font shape `T1/ntxtlf/b/n' will be
(Font)              scaled to size 17.28pt on input line 153.
<WSU_HIE_Logo2.jpg, id=1, 5928.1475pt x 3970.835pt>
File: WSU_HIE_Logo2.jpg Graphic file (type jpg)
 <use WSU_HIE_Logo2.jpg>
Package pdftex.def Info: WSU_HIE_Logo2.jpg used on input line 162.
(pdftex.def)             Requested size: 170.71393pt x 114.3333pt.

[1

{C:/Users/90919620/AppData/Local/MiKTeX/2.9/pdftex/config/pdftex.map} <C:/Users
/90919620/github_repos/hie_thesis_campany/thesis/WSU_HIE_Logo2.jpg>]
LaTeX Font Info:    Font shape `T1/ntxtlf/bx/n' in size <14.4> not available
(Font)              Font shape `T1/ntxtlf/b/n' tried instead on input line 170.

LaTeX Font Info:    Font shape `T1/ntxtlf/b/n' will be
(Font)              scaled to size 14.4pt on input line 170.
 [1]
[2

]
(C:\Users\90919620\github_repos\hie_thesis_campany\thesis\thesis_campany.toc
LaTeX Font Info:    Font shape `T1/ntxtlf/bx/n' in size <10> not available
(Font)              Font shape `T1/ntxtlf/b/n' tried instead on input line 1.
LaTeX Font Info:    Font shape `T1/ntxtlf/b/n' will be
(Font)              scaled to size 10.0pt on input line 1.
LaTeX Font Info:    Try loading font information for OT1+ntxtlf on input line 6
.

(C:\Users\90919620\AppData\Roaming\MiKTeX\2.9\tex\latex\newtx\ot1ntxtlf.fd
File: ot1ntxtlf.fd 2015/01/17 v1.0 font definition file for OT1/ntx/tlf
)
LaTeX Font Info:    Font shape `OT1/ntxtlf/m/n' will be
(Font)              scaled to size 10.0pt on input line 6.
LaTeX Font Info:    Font shape `OT1/ntxtlf/m/n' will be
(Font)              scaled to size 7.3pt on input line 6.
LaTeX Font Info:    Font shape `OT1/ntxtlf/m/n' will be
(Font)              scaled to size 5.5pt on input line 6.
LaTeX Font Info:    Try loading font information for U+msa on input line 6.

("C:\Program Files\MiKTeX 2.9\tex\latex\amsfonts\umsa.fd"
File: umsa.fd 2013/01/14 v3.01 AMS symbols A
)
LaTeX Font Info:    Try loading font information for U+msb on input line 6.

("C:\Program Files\MiKTeX 2.9\tex\latex\amsfonts\umsb.fd"
File: umsb.fd 2013/01/14 v3.01 AMS symbols B
)
LaTeX Font Info:    Try loading font information for U+wasy on input line 6.

(C:\Users\90919620\AppData\Roaming\MiKTeX\2.9\tex\latex\wasysym\uwasy.fd
File: uwasy.fd 2003/10/30 v2.0 Wasy-2 symbol font definitions
)

LaTeX Font Warning: Font shape `U/wasy/m/n' in size <5.5> not available
(Font)              size <5> substituted on input line 6.

LaTeX Font Info:    Try loading font information for U+ntxmia on input line 6.
(C:\Users\90919620\AppData\Roaming\MiKTeX\2.9\tex\latex\newtx\untxmia.fd
File: untxmia.fd 2012/04/16 Fontinst v1.933 font definitions for U/ntxmia.
)
LaTeX Font Info:    Try loading font information for U+ntxsym on input line 6.

(C:\Users\90919620\AppData\Roaming\MiKTeX\2.9\tex\latex\newtx\untxsym.fd
File: untxsym.fd 2015/03/20 Fontinst v1.933 font definitions for U/ntxsym.
)
LaTeX Font Info:    Try loading font information for U+ntxsyc on input line 6.

(C:\Users\90919620\AppData\Roaming\MiKTeX\2.9\tex\latex\newtx\untxsyc.fd
File: untxsyc.fd 2012/04/12 Fontinst v1.933 font definitions for U/ntxsyc.
)
LaTeX Font Info:    Try loading font information for TS1+ntxtlf on input line 6
.

(C:\Users\90919620\AppData\Roaming\MiKTeX\2.9\tex\latex\newtx\ts1ntxtlf.fd
File: ts1ntxtlf.fd 2015/01/18 v1.0 fd file for TS1/ntxtlf
)
LaTeX Font Info:    Font shape `TS1/ntxtlf/m/n' will be
(Font)              scaled to size 10.0pt on input line 6.
LaTeX Font Info:    Font shape `TS1/ntxtlf/m/n' will be
(Font)              scaled to size 7.3pt on input line 6.
LaTeX Font Info:    Font shape `TS1/ntxtlf/m/n' will be
(Font)              scaled to size 5.5pt on input line 6.
LaTeX Font Info:    Font shape `T1/ntxtlf/bx/n' in size <7.3> not available
(Font)              Font shape `T1/ntxtlf/b/n' tried instead on input line 23.
LaTeX Font Info:    Font shape `T1/ntxtlf/b/n' will be
(Font)              scaled to size 7.3pt on input line 23.
LaTeX Font Info:    Font shape `T1/ntxtlf/bx/it' in size <10> not available
(Font)              Font shape `T1/ntxtlf/b/it' tried instead on input line 23.

LaTeX Font Info:    Font shape `T1/ntxtlf/b/it' will be
(Font)              scaled to size 10.0pt on input line 23.
)
\tf@toc=\write3

[4

]
LaTeX Font Info:    Font shape `T1/ntxtlf/m/it' will be
(Font)              scaled to size 10.0pt on input line 200.
LaTeX Font Info:    Try loading font information for LGR+ntxtlf on input line 2
00.
LaTeX Font Info:    No file LGRntxtlf.fd. on input line 200.


LaTeX Font Warning: Font shape `LGR/ntxtlf/m/n' undefined
(Font)              using `LGR/cmr/m/n' instead on input line 200.

LaTeX Font Info:    Font shape `T1/ntxtlf/m/n' will be
(Font)              scaled to size 7.3pt on input line 200.

Underfull \hbox (badness 10000) in paragraph at lines 200--219

 []


Underfull \hbox (badness 10000) in paragraph at lines 200--219

 []


Underfull \hbox (badness 10000) in paragraph at lines 200--219

 []


Underfull \hbox (badness 10000) in paragraph at lines 200--219

 []


Underfull \hbox (badness 10000) in paragraph at lines 200--219

 []


Underfull \hbox (badness 10000) in paragraph at lines 200--219

 []

[5

]

Package natbib Warning: Citation `evans1986carbon' on page vi undefined on inpu
t line 261.


Package natbib Warning: Citation `barton2012effects' on page vi undefined on in
put line 285.


Underfull \hbox (badness 10000) in paragraph at lines 225--309

 []


Underfull \hbox (badness 10000) in paragraph at lines 225--309

 []


Underfull \hbox (badness 10000) in paragraph at lines 225--309

 []


Underfull \hbox (badness 10000) in paragraph at lines 225--309

 []


Underfull \hbox (badness 10000) in paragraph at lines 225--309

 []


Underfull \hbox (badness 10000) in paragraph at lines 225--309

 []


Underfull \hbox (badness 10000) in paragraph at lines 225--309

 []


Underfull \hbox (badness 10000) in paragraph at lines 225--309

 []


Underfull \hbox (badness 10000) in paragraph at lines 225--309

 []


Underfull \hbox (badness 10000) in paragraph at lines 225--309

 []


Underfull \hbox (badness 10000) in paragraph at lines 225--309

 []


Underfull \hbox (badness 10000) in paragraph at lines 225--309

 []


Underfull \hbox (badness 10000) in paragraph at lines 225--309

 []


Underfull \hbox (badness 10000) in paragraph at lines 225--309

 []


Underfull \hbox (badness 10000) in paragraph at lines 225--309

 []


Underfull \hbox (badness 10000) in paragraph at lines 225--309

 []


Underfull \hbox (badness 10000) in paragraph at lines 225--309

 []


Underfull \hbox (badness 10000) in paragraph at lines 225--309

 []


Underfull \hbox (badness 10000) in paragraph at lines 225--309

 []


Underfull \hbox (badness 10000) in paragraph at lines 225--309

 []


Underfull \hbox (badness 10000) in paragraph at lines 225--309

 []


Underfull \hbox (badness 10000) in paragraph at lines 225--309

 []


Underfull \hbox (badness 10000) in paragraph at lines 225--309

 []


Underfull \hbox (badness 10000) in paragraph at lines 225--309

 []


Underfull \hbox (badness 10000) in paragraph at lines 225--309

 []


Underfull \hbox (badness 10000) in paragraph at lines 225--309

 []


Underfull \hbox (badness 10000) in paragraph at lines 225--309

 []

[6

] [7] [8]
LaTeX Font Info:    Font shape `T1/ntxtlf/m/it' will be
(Font)              scaled to size 7.3pt on input line 315.
LaTeX Font Info:    Font shape `T1/ntxtlf/m/n' will be
(Font)              scaled to size 5.5pt on input line 339.

Underfull \hbox (badness 10000) in paragraph at lines 315--472

 []


Underfull \hbox (badness 10000) in paragraph at lines 315--472

 []


Underfull \hbox (badness 10000) in paragraph at lines 315--472

 []


Underfull \hbox (badness 10000) in paragraph at lines 315--472

 []


Underfull \hbox (badness 10000) in paragraph at lines 315--472

 []


Underfull \hbox (badness 10000) in paragraph at lines 315--472

 []


Underfull \hbox (badness 10000) in paragraph at lines 315--472

 []


Underfull \hbox (badness 10000) in paragraph at lines 315--472

 []


Underfull \hbox (badness 10000) in paragraph at lines 315--472

 []


Underfull \hbox (badness 10000) in paragraph at lines 315--472

 []


Underfull \hbox (badness 10000) in paragraph at lines 315--472

 []


Underfull \hbox (badness 10000) in paragraph at lines 315--472

 []


Underfull \hbox (badness 10000) in paragraph at lines 315--472

 []


Underfull \hbox (badness 10000) in paragraph at lines 315--472

 []


Underfull \hbox (badness 10000) in paragraph at lines 315--472

 []


Underfull \hbox (badness 10000) in paragraph at lines 315--472

 []


Underfull \hbox (badness 10000) in paragraph at lines 315--472

 []


Underfull \hbox (badness 10000) in paragraph at lines 315--472

 []


Underfull \hbox (badness 10000) in paragraph at lines 315--472

 []


Underfull \hbox (badness 10000) in paragraph at lines 315--472

 []


Underfull \hbox (badness 10000) in paragraph at lines 315--472

 []


Underfull \hbox (badness 10000) in paragraph at lines 315--472

 []


Underfull \hbox (badness 10000) in paragraph at lines 315--472

 []


Underfull \hbox (badness 10000) in paragraph at lines 315--472

 []


Underfull \hbox (badness 10000) in paragraph at lines 315--472

 []


Underfull \hbox (badness 10000) in paragraph at lines 315--472

 []


Underfull \hbox (badness 10000) in paragraph at lines 315--472

 []


Underfull \hbox (badness 10000) in paragraph at lines 315--472

 []


Underfull \hbox (badness 10000) in paragraph at lines 315--472

 []


Underfull \hbox (badness 10000) in paragraph at lines 315--472

 []


Underfull \hbox (badness 10000) in paragraph at lines 315--472

 []


Underfull \hbox (badness 10000) in paragraph at lines 315--472

 []


Underfull \hbox (badness 10000) in paragraph at lines 315--472

 []


Underfull \hbox (badness 10000) in paragraph at lines 315--472

 []


Underfull \hbox (badness 10000) in paragraph at lines 315--472

 []


Underfull \hbox (badness 10000) in paragraph at lines 315--472

 []


Underfull \hbox (badness 10000) in paragraph at lines 315--472

 []


Underfull \hbox (badness 10000) in paragraph at lines 315--472

 []


Underfull \hbox (badness 10000) in paragraph at lines 315--472

 []


Underfull \hbox (badness 10000) in paragraph at lines 315--472

 []


Underfull \hbox (badness 10000) in paragraph at lines 315--472

 []


Underfull \hbox (badness 10000) in paragraph at lines 315--472

 []


Underfull \hbox (badness 10000) in paragraph at lines 315--472

 []


Underfull \hbox (badness 10000) in paragraph at lines 315--472

 []


Underfull \hbox (badness 10000) in paragraph at lines 315--472

 []


Underfull \hbox (badness 10000) in paragraph at lines 315--472

 []


Underfull \hbox (badness 10000) in paragraph at lines 315--472

 []


Underfull \hbox (badness 10000) in paragraph at lines 315--472

 []


Underfull \hbox (badness 10000) in paragraph at lines 315--472

 []


Underfull \hbox (badness 10000) in paragraph at lines 315--472

 []


Underfull \hbox (badness 10000) in paragraph at lines 315--472

 []


Underfull \hbox (badness 10000) in paragraph at lines 315--472

 []

[9

] [10] [11

] [12]
LaTeX Font Info:    Font shape `T1/ntxtlf/m/n' will be
(Font)              scaled to size 12.0pt on input line 496.
LaTeX Font Info:    Font shape `T1/ntxtlf/bx/n' in size <12> not available
(Font)              Font shape `T1/ntxtlf/b/n' tried instead on input line 496.

LaTeX Font Info:    Font shape `T1/ntxtlf/b/n' will be
(Font)              scaled to size 12.0pt on input line 496.


Package natbib Warning: Citation `grace1997allocation' on page xiii undefined o
n input line 499.


Package natbib Warning: Citation `korner2006plant' on page xiii undefined on in
put line 499.


Package natbib Warning: Citation `fourcaud2008plant' on page xiii undefined on 
input line 499.


Package natbib Warning: Citation `friedlingstein1999toward' on page xiii undefi
ned on input line 499.


Package natbib Warning: Citation `franklin2012modeling' on page xiii undefined 
on input line 499.


Package natbib Warning: Citation `de2014does' on page xiii undefined on input l
ine 499.


Package natbib Warning: Citation `bloom1985resource' on page xiii undefined on 
input line 502.


Package natbib Warning: Citation `bazzaz2000reproductive' on page xiii undefine
d on input line 502.


Package natbib Warning: Citation `shipley2002balanced' on page xiii undefined o
n input line 502.


Package natbib Warning: Citation `monsi2005factor' on page xiii undefined on in
put line 502.


Package natbib Warning: Citation `davidson1969effect' on page xiii undefined on
 input line 505.


Package natbib Warning: Citation `cannell1985attributes' on page xiii undefined
 on input line 505.


Package natbib Warning: Citation `shipley2002balanced' on page xiii undefined o
n input line 505.


Package natbib Warning: Citation `muller2000effect' on page xiii undefined on i
nput line 505.


Package natbib Warning: Citation `zens2002sizing' on page xiii undefined on inp
ut line 505.


Package natbib Warning: Citation `reich2002root' on page xiii undefined on inpu
t line 505.


Package natbib Warning: Citation `monsi2005factor' on page xiii undefined on in
put line 508.


Package natbib Warning: Citation `field1986photosynthesis' on page xiii undefin
ed on input line 508.


Package natbib Warning: Citation `farquhar1982stomatal' on page xiii undefined 
on input line 508.


Package natbib Warning: Citation `sellin2008effects' on page xiii undefined on 
input line 508.


Package natbib Warning: Citation `niinemets2012optimization' on page xiii undef
ined on input line 508.


Package natbib Warning: Citation `niinemets2012optimization' on page xiii undef
ined on input line 508.


Package natbib Warning: Citation `peltoniemi2012co' on page xiii undefined on i
nput line 508.

[13

]

Package natbib Warning: Citation `litton2007carbon' on page xiv undefined on in
put line 511.


Package natbib Warning: Citation `fatichi2014moving' on page xiv undefined on i
nput line 511.


Package natbib Warning: Citation `paul2001sink' on page xiv undefined on input 
line 511.


Package natbib Warning: Citation `kozlowski1992carbohydrate' on page xiv undefi
ned on input line 514.


Package natbib Warning: Citation `lacointe2000carbon' on page xiv undefined on 
input line 514.


Package natbib Warning: Citation `klein2015' on page xiv undefined on input lin
e 514.


Package natbib Warning: Citation `boland2006forest' on page xiv undefined on in
put line 517.


Package natbib Warning: Citation `ASOFR2013' on page xiv undefined on input lin
e 517.


Package natbib Warning: Citation `pryor1981eucalyptus' on page xiv undefined on
 input line 517.


Package natbib Warning: Citation `byrne2013adaptation' on page xiv undefined on
 input line 517.


Package natbib Warning: Citation `IUFRO2015' on page xiv undefined on input lin
e 517.


Package natbib Warning: Citation `friedlingstein1999toward' on page xiv undefin
ed on input line 522.


Package natbib Warning: Citation `poorter2012biomass' on page xiv undefined on 
input line 522.


Package natbib Warning: Citation `litton2007carbon' on page xiv undefined on in
put line 522.


Package natbib Warning: Citation `poorter2015does' on page xiv undefined on inp
ut line 522.


Package natbib Warning: Citation `reich2002root' on page xiv undefined on input
 line 522.


Package natbib Warning: Citation `muller2000effect' on page xiv undefined on in
put line 522.


Package natbib Warning: Citation `poorter2015does' on page xiv undefined on inp
ut line 522.


Package natbib Warning: Citation `shipley2002balanced' on page xiv undefined on
 input line 522.

[14]

Package natbib Warning: Citation `friedlingstein1999toward' on page xv undefine
d on input line 524.


Package natbib Warning: Citation `franklin2012modeling' on page xv undefined on
 input line 524.


Package natbib Warning: Citation `iversen2014terrestrial' on page xv undefined 
on input line 524.


Package natbib Warning: Citation `litton2007carbon' on page xv undefined on inp
ut line 524.


Package natbib Warning: Citation `warren2012timing' on page xv undefined on inp
ut line 524.


Package natbib Warning: Citation `sweet1966role' on page xv undefined on input 
line 527.


Package natbib Warning: Citation `korner2013growth' on page xv undefined on inp
ut line 527.


Package natbib Warning: Citation `rocha2006linking' on page xv undefined on inp
ut line 527.


Package natbib Warning: Citation `litton2007carbon' on page xv undefined on inp
ut line 527.


Package natbib Warning: Citation `gough2008multi' on page xv undefined on input
 line 527.


Package natbib Warning: Citation `peltoniemi2012co' on page xv undefined on inp
ut line 530.


Package natbib Warning: Citation `niinemets2012optimization' on page xv undefin
ed on input line 530.


Package natbib Warning: Citation `peltoniemi2012co' on page xv undefined on inp
ut line 530.


Package natbib Warning: Citation `thornley1972model' on page xv undefined on in
put line 532.


Package natbib Warning: Citation `peltoniemi2012co' on page xv undefined on inp
ut line 532.


Package natbib Warning: Citation `jifon2003moderate' on page xv undefined on in
put line 532.


Package natbib Warning: Citation `tissue2006spatial' on page xv undefined on in
put line 532.


Package natbib Warning: Citation `sellin2010variation' on page xv undefined on 
input line 532.


Package natbib Warning: Citation `lloyd1992low' on page xv undefined on input l
ine 532.


Package natbib Warning: Citation `warren2003transfer' on page xv undefined on i
nput line 532.


Package natbib Warning: Citation `piel2002effect' on page xv undefined on input
 line 532.


Package natbib Warning: Citation `warren2007internal' on page xv undefined on i
nput line 532.

[15]

Package natbib Warning: Citation `hughes2011web' on page xvi undefined on input
 line 537.


Package natbib Warning: Citation `stanturf2013eucalyptus' on page xvi undefined
 on input line 537.


Package natbib Warning: Citation `hughes2003climate' on page xvi undefined on i
nput line 537.


Underfull \hbox (badness 10000) in paragraph at lines 539--555

 []


Underfull \hbox (badness 10000) in paragraph at lines 539--555

 []


Underfull \hbox (badness 10000) in paragraph at lines 539--555

 []

[16]

Package natbib Warning: Citation `hanson2011making' on page xvii undefined on i
nput line 567.


Package natbib Warning: Citation `peng2011reproducible' on page xvii undefined 
on input line 567.

[17] [1] <./pdfs/allometry.pdf, id=70, 483.8075pt x 690.58pt>
File: ./pdfs/allometry.pdf Graphic file (type pdf)

<use ./pdfs/allometry.pdf>
Package pdftex.def Info: ./pdfs/allometry.pdf used on input line 591.
(pdftex.def)             Requested size: 422.52577pt x 603.12851pt.


LaTeX Warning: Float too large for page by 10.79819pt on input line 594.


LaTeX Warning: `!h' float specifier changed to `!ht'.

<./pdfs/airvars.pdf, id=71, 505.89pt x 504.88625pt>
File: ./pdfs/airvars.pdf Graphic file (type pdf)
 <use ./pdfs/airvars.pdf>
Package pdftex.def Info: ./pdfs/airvars.pdf used on input line 599.
(pdftex.def)             Requested size: 422.52577pt x 421.6979pt.


LaTeX Warning: `!h' float specifier changed to `!ht'.

<./pdfs/massfractions.pdf, id=72, 474.77374pt x 690.58pt>
File: ./pdfs/massfractions.pdf Graphic file (type pdf)

<use ./pdfs/massfractions.pdf>
Package pdftex.def Info: ./pdfs/massfractions.pdf used on input line 607.
(pdftex.def)             Requested size: 422.52577pt x 614.60373pt.


LaTeX Warning: Float too large for page by 22.2734pt on input line 610.


LaTeX Warning: `!h' float specifier changed to `!ht'.

<./pdfs/Asat.pdf, id=73, 505.89pt x 360.34625pt>
File: ./pdfs/Asat.pdf Graphic file (type pdf)
 <use ./pdfs/Asat.pdf>
Package pdftex.def Info: ./pdfs/Asat.pdf used on input line 615.
(pdftex.def)             Requested size: 422.52577pt x 300.97327pt.


LaTeX Warning: `!h' float specifier changed to `!ht'.

<./pdfs/A_leafchem.pdf, id=74, 722.7pt x 505.89pt>
File: ./pdfs/A_leafchem.pdf Graphic file (type pdf)
 <use ./pdfs/A_leafchem.pdf>
Package pdftex.def Info: ./pdfs/A_leafchem.pdf used on input line 623.
(pdftex.def)             Requested size: 422.52577pt x 295.77077pt.


LaTeX Warning: `!h' float specifier changed to `!ht'.

<./pdfs/massmodel_totalC.pdf, id=75, 505.89pt x 578.16pt>
File: ./pdfs/massmodel_totalC.pdf Graphic file (type pdf)

<use ./pdfs/massmodel_totalC.pdf>
Package pdftex.def Info: ./pdfs/massmodel_totalC.pdf used on input line 631.
(pdftex.def)             Requested size: 422.52577pt x 482.89862pt.


LaTeX Warning: `!h' float specifier changed to `!ht'.

LaTeX Font Info:    Try loading font information for T1+ntxtt on input line 732
.
(C:\Users\90919620\AppData\Roaming\MiKTeX\2.9\tex\latex\newtx\t1ntxtt.fd
File: t1ntxtt.fd 2012/04/20 v3.1
)
LaTeX Font Info:    Font shape `T1/ntxtt/m/n' will be
(Font)              scaled to size 10.0pt on input line 732.

<./pdfs/massmodel_resp.pdf, id=76, 483.8075pt x 690.58pt>
File: ./pdfs/massmodel_resp.pdf Graphic file (type pdf)

<use ./pdfs/massmodel_resp.pdf>
Package pdftex.def Info: ./pdfs/massmodel_resp.pdf used on input line 751.
(pdftex.def)             Requested size: 422.52577pt x 603.12851pt.


LaTeX Warning: `!h' float specifier changed to `!ht'.

[2

] [3 <C:/Users/90919620/github_repos/hie_thesis_campany/thesis/pdfs/allometry.p
df>] [4 <C:/Users/90919620/github_repos/hie_thesis_campany/thesis/pdfs/airvars.
pdf>] [5 <C:/Users/90919620/github_repos/hie_thesis_campany/thesis/pdfs/massfra
ctions.pdf>] [6 <C:/Users/90919620/github_repos/hie_thesis_campany/thesis/pdfs/
Asat.pdf>] [7 <C:/Users/90919620/github_repos/hie_thesis_campany/thesis/pdfs/A_
leafchem.pdf>] [8 <C:/Users/90919620/github_repos/hie_thesis_campany/thesis/pdf
s/massmodel_totalC.pdf>] [9] [10] [11] [12] [13 <C:/Users/90919620/github_repos
/hie_thesis_campany/thesis/pdfs/massmodel_resp.pdf>]
<./pdfs/ppfd2.pdf, id=174, 505.89pt x 504.88625pt>
File: ./pdfs/ppfd2.pdf Graphic file (type pdf)
 <use ./pdfs/ppfd2.pdf>
Package pdftex.def Info: ./pdfs/ppfd2.pdf used on input line 780.
(pdftex.def)             Requested size: 422.52577pt x 421.6979pt.


LaTeX Warning: `!h' float specifier changed to `!ht'.

<./pdfs/aci_nitrovcmax.pdf, id=175, 552.0625pt x 690.58pt>
File: ./pdfs/aci_nitrovcmax.pdf Graphic file (type pdf)

<use ./pdfs/aci_nitrovcmax.pdf>
Package pdftex.def Info: ./pdfs/aci_nitrovcmax.pdf used on input line 812.
(pdftex.def)             Requested size: 422.52577pt x 528.56595pt.


LaTeX Warning: `!h' float specifier changed to `!ht'.


Overfull \hbox (10.08989pt too wide) in paragraph at lines 824--838
 [][] 
 []

<./pdfs/Agmgs.pdf, id=176, 575.14874pt x 690.58pt>
File: ./pdfs/Agmgs.pdf Graphic file (type pdf)
 <use ./pdfs/Agmgs.pdf>
Package pdftex.def Info: ./pdfs/Agmgs.pdf used on input line 845.
(pdftex.def)             Requested size: 422.52577pt x 507.34364pt.


LaTeX Warning: `!h' float specifier changed to `!ht'.

<./pdfs/physiology_bar.pdf, id=177, 866.23625pt x 433.62pt>
File: ./pdfs/physiology_bar.pdf Graphic file (type pdf)

<use ./pdfs/physiology_bar.pdf>
Package pdftex.def Info: ./pdfs/physiology_bar.pdf used on input line 853.
(pdftex.def)             Requested size: 422.52577pt x 211.50964pt.


LaTeX Warning: `!h' float specifier changed to `!ht'.

<./pdfs/ITE_13c.pdf, id=178, 505.89pt x 504.88625pt>
File: ./pdfs/ITE_13c.pdf Graphic file (type pdf)
 <use ./pdfs/ITE_13c.pdf>
Package pdftex.def Info: ./pdfs/ITE_13c.pdf used on input line 861.
(pdftex.def)             Requested size: 422.52577pt x 421.6979pt.


LaTeX Warning: `!h' float specifier changed to `!ht'.

<./pdfs/delta_cica.pdf, id=179, 578.16pt x 433.62pt>
File: ./pdfs/delta_cica.pdf Graphic file (type pdf)

<use ./pdfs/delta_cica.pdf>
Package pdftex.def Info: ./pdfs/delta_cica.pdf used on input line 869.
(pdftex.def)             Requested size: 422.52577pt x 316.89064pt.


Package natbib Warning: Citation `evans1986carbon' on page 14 undefined on inpu
t line 870.


Package natbib Warning: Citation `evans1986carbon' on page 14 undefined on inpu
t line 870.


LaTeX Warning: `!h' float specifier changed to `!ht'.

<./pdfs/cicc_bar.pdf, id=180, 866.23625pt x 433.62pt>
File: ./pdfs/cicc_bar.pdf Graphic file (type pdf)

<use ./pdfs/cicc_bar.pdf>
Package pdftex.def Info: ./pdfs/cicc_bar.pdf used on input line 877.
(pdftex.def)             Requested size: 422.52577pt x 211.50964pt.


LaTeX Warning: `!h' float specifier changed to `!ht'.

<./pdfs/airvars_wtc3.pdf, id=181, 483.8075pt x 690.58pt>
File: ./pdfs/airvars_wtc3.pdf Graphic file (type pdf)

<use ./pdfs/airvars_wtc3.pdf>
Package pdftex.def Info: ./pdfs/airvars_wtc3.pdf used on input line 888.
(pdftex.def)             Requested size: 422.52577pt x 603.12851pt.


LaTeX Warning: `!h' float specifier changed to `!ht'.

<./pdfs/Acc_model.pdf, id=182, 578.16pt x 433.62pt>
File: ./pdfs/Acc_model.pdf Graphic file (type pdf)
 <use ./pdfs/Acc_model.pdf>
Package pdftex.def Info: ./pdfs/Acc_model.pdf used on input line 896.
(pdftex.def)             Requested size: 422.52577pt x 316.89064pt.


LaTeX Warning: `!h' float specifier changed to `!ht'.

<./pdfs/gasex_temp3.pdf, id=183, 483.8075pt x 690.58pt>
File: ./pdfs/gasex_temp3.pdf Graphic file (type pdf)

<use ./pdfs/gasex_temp3.pdf>
Package pdftex.def Info: ./pdfs/gasex_temp3.pdf used on input line 904.
(pdftex.def)             Requested size: 422.52577pt x 603.12851pt.


LaTeX Warning: Float too large for page by 22.79819pt on input line 907.


LaTeX Warning: `!h' float specifier changed to `!ht'.

<./pdfs/gasex_temp4.pdf, id=184, 483.8075pt x 690.58pt>
File: ./pdfs/gasex_temp4.pdf Graphic file (type pdf)

<use ./pdfs/gasex_temp4.pdf>
Package pdftex.def Info: ./pdfs/gasex_temp4.pdf used on input line 912.
(pdftex.def)             Requested size: 422.52577pt x 603.12851pt.


LaTeX Warning: Float too large for page by 22.79819pt on input line 915.


LaTeX Warning: `!h' float specifier changed to `!ht'.

[14

] [15 <C:/Users/90919620/github_repos/hie_thesis_campany/thesis/pdfs/ppfd2.pdf>
] [16] [17 <C:/Users/90919620/github_repos/hie_thesis_campany/thesis/pdfs/aci_n
itrovcmax.pdf>] [18] [19 <C:/Users/90919620/github_repos/hie_thesis_campany/the
sis/pdfs/Agmgs.pdf>] [20 <C:/Users/90919620/github_repos/hie_thesis_campany/the
sis/pdfs/physiology_bar.pdf>] [21 <C:/Users/90919620/github_repos/hie_thesis_ca
mpany/thesis/pdfs/ITE_13c.pdf>] [22 <C:/Users/90919620/github_repos/hie_thesis_
campany/thesis/pdfs/delta_cica.pdf> <C:/Users/90919620/github_repos/hie_thesis_
campany/thesis/pdfs/cicc_bar.pdf>] [23 <C:/Users/90919620/github_repos/hie_thes
is_campany/thesis/pdfs/airvars_wtc3.pdf>] [24 <C:/Users/90919620/github_repos/h
ie_thesis_campany/thesis/pdfs/Acc_model.pdf>] [25 <C:/Users/90919620/github_rep
os/hie_thesis_campany/thesis/pdfs/gasex_temp3.pdf>] [26 <C:/Users/90919620/gith
ub_repos/hie_thesis_campany/thesis/pdfs/gasex_temp4.pdf>]
LaTeX Font Info:    Font shape `OT1/ntxtlf/m/n' will be
(Font)              scaled to size 14.4pt on input line 936.
LaTeX Font Info:    Font shape `OT1/ntxtlf/m/n' will be
(Font)              scaled to size 10.5pt on input line 936.
LaTeX Font Info:    Font shape `OT1/ntxtlf/m/n' will be
(Font)              scaled to size 7.9pt on input line 936.


LaTeX Font Warning: Font shape `U/wasy/m/n' in size <10.5> not available
(Font)              size <10.95> substituted on input line 936.

LaTeX Font Info:    Font shape `TS1/ntxtlf/m/n' will be
(Font)              scaled to size 14.4pt on input line 936.
LaTeX Font Info:    Font shape `TS1/ntxtlf/m/n' will be
(Font)              scaled to size 10.5pt on input line 936.
LaTeX Font Info:    Font shape `TS1/ntxtlf/m/n' will be
(Font)              scaled to size 7.9pt on input line 936.
LaTeX Font Info:    Font shape `T1/ntxtlf/bx/n' in size <10.5> not available
(Font)              Font shape `T1/ntxtlf/b/n' tried instead on input line 936.

LaTeX Font Info:    Font shape `T1/ntxtlf/b/n' will be
(Font)              scaled to size 10.5pt on input line 936.
LaTeX Font Info:    Font shape `T1/ntxtlf/bx/it' in size <14.4> not available
(Font)              Font shape `T1/ntxtlf/b/it' tried instead on input line 936
.
LaTeX Font Info:    Font shape `T1/ntxtlf/b/it' will be
(Font)              scaled to size 14.4pt on input line 936.
<./pdfs/conceptfig_wtc1.pdf, id=333, 722.7pt x 542.025pt>
File: ./pdfs/conceptfig_wtc1.pdf Graphic file (type pdf)

<use ./pdfs/conceptfig_wtc1.pdf>
Package pdftex.def Info: ./pdfs/conceptfig_wtc1.pdf used on input line 945.
(pdftex.def)             Requested size: 422.52577pt x 316.89725pt.

<./pdfs/flux_treecarbon3.pdf, id=334, 505.89pt x 504.88625pt>
File: ./pdfs/flux_treecarbon3.pdf Graphic file (type pdf)

<use ./pdfs/flux_treecarbon3.pdf>
Package pdftex.def Info: ./pdfs/flux_treecarbon3.pdf used on input line 956.
(pdftex.def)             Requested size: 422.52577pt x 421.6979pt.


LaTeX Warning: `!h' float specifier changed to `!ht'.

<./pdfs/leafarea.pdf, id=335, 505.89pt x 504.88625pt>
File: ./pdfs/leafarea.pdf Graphic file (type pdf)

<use ./pdfs/leafarea.pdf>
Package pdftex.def Info: ./pdfs/leafarea.pdf used on input line 964.
(pdftex.def)             Requested size: 422.52577pt x 421.6979pt.


Package natbib Warning: Citation `barton2012effects' on page 27 undefined on in
put line 965.


Package natbib Warning: Citation `barton2012effects' on page 27 undefined on in
put line 965.


LaTeX Warning: `!h' float specifier changed to `!ht'.

<./pdfs/flux_leafarea_co2.pdf, id=336, 505.89pt x 504.88625pt>
File: ./pdfs/flux_leafarea_co2.pdf Graphic file (type pdf)

<use ./pdfs/flux_leafarea_co2.pdf>
Package pdftex.def Info: ./pdfs/flux_leafarea_co2.pdf used on input line 972.
(pdftex.def)             Requested size: 422.52577pt x 421.6979pt.


LaTeX Warning: `!h' float specifier changed to `!ht'.

<./pdfs/allocfractions.pdf, id=337, 483.8075pt x 690.58pt>
File: ./pdfs/allocfractions.pdf Graphic file (type pdf)

<use ./pdfs/allocfractions.pdf>
Package pdftex.def Info: ./pdfs/allocfractions.pdf used on input line 980.
(pdftex.def)             Requested size: 422.52577pt x 603.12851pt.


LaTeX Warning: Float too large for page by 22.79819pt on input line 983.


LaTeX Warning: `!h' float specifier changed to `!ht'.

<./pdfs/treecarbon_daily2.pdf, id=338, 483.8075pt x 690.58pt>
File: ./pdfs/treecarbon_daily2.pdf Graphic file (type pdf)

<use ./pdfs/treecarbon_daily2.pdf>
Package pdftex.def Info: ./pdfs/treecarbon_daily2.pdf used on input line 988.
(pdftex.def)             Requested size: 422.52577pt x 603.12851pt.


LaTeX Warning: `!h' float specifier changed to `!ht'.

<./pdfs/belowground_flux_plots2.pdf, id=339, 505.89pt x 504.88625pt>
File: ./pdfs/belowground_flux_plots2.pdf Graphic file (type pdf)

<use ./pdfs/belowground_flux_plots2.pdf>
Package pdftex.def Info: ./pdfs/belowground_flux_plots2.pdf used on input line 
996.
(pdftex.def)             Requested size: 422.52577pt x 421.6979pt.


LaTeX Warning: `!h' float specifier changed to `!ht'.

<./pdfs/tbca_cflux.pdf, id=340, 505.89pt x 504.88625pt>
File: ./pdfs/tbca_cflux.pdf Graphic file (type pdf)

<use ./pdfs/tbca_cflux.pdf>
Package pdftex.def Info: ./pdfs/tbca_cflux.pdf used on input line 1004.
(pdftex.def)             Requested size: 422.52577pt x 421.6979pt.


LaTeX Warning: `!h' float specifier changed to `!ht'.

<./pdfs/rootshoot.pdf, id=341, 505.89pt x 504.88625pt>
File: ./pdfs/rootshoot.pdf Graphic file (type pdf)

<use ./pdfs/rootshoot.pdf>
Package pdftex.def Info: ./pdfs/rootshoot.pdf used on input line 1041.
(pdftex.def)             Requested size: 422.52577pt x 421.6979pt.


LaTeX Warning: `!h' float specifier changed to `!ht'.

<./pdfs/treecarbon_daily_chambers2.pdf, id=342, 502.87875pt x 690.58pt>
File: ./pdfs/treecarbon_daily_chambers2.pdf Graphic file (type pdf)

<use ./pdfs/treecarbon_daily_chambers2.pdf>
Package pdftex.def Info: ./pdfs/treecarbon_daily_chambers2.pdf used on input li
ne 1049.
(pdftex.def)             Requested size: 422.52577pt x 580.23076pt.


LaTeX Warning: `!h' float specifier changed to `!ht'.

[1

] [2 <C:/Users/90919620/github_repos/hie_thesis_campany/thesis/pdfs/conceptfig_
wtc1.pdf>] [3 <C:/Users/90919620/github_repos/hie_thesis_campany/thesis/pdfs/fl
ux_treecarbon3.pdf>] [4 <C:/Users/90919620/github_repos/hie_thesis_campany/thes
is/pdfs/leafarea.pdf>] [5 <C:/Users/90919620/github_repos/hie_thesis_campany/th
esis/pdfs/flux_leafarea_co2.pdf>] [6 <C:/Users/90919620/github_repos/hie_thesis
_campany/thesis/pdfs/allocfractions.pdf>] [7 <C:/Users/90919620/github_repos/hi
e_thesis_campany/thesis/pdfs/treecarbon_daily2.pdf>] [8 <C:/Users/90919620/gith
ub_repos/hie_thesis_campany/thesis/pdfs/belowground_flux_plots2.pdf>]
[9 <C:/Users/90919620/github_repos/hie_thesis_campany/thesis/pdfs/tbca_cflux.pd
f>] [10] [11 <C:/Users/90919620/github_repos/hie_thesis_campany/thesis/pdfs/roo
tshoot.pdf>] [12 <C:/Users/90919620/github_repos/hie_thesis_campany/thesis/pdfs
/treecarbon_daily_chambers2.pdf>]

Package natbib Warning: Citation `bazzaz2000reproductive' on page 13 undefined 
on input line 1068.


Package natbib Warning: Citation `chapin1987plant' on page 13 undefined on inpu
t line 1068.


Package natbib Warning: Citation `givnish1988adaptation' on page 13 undefined o
n input line 1068.


Package natbib Warning: Citation `litton2007carbon' on page 13 undefined on inp
ut line 1073.


Package natbib Warning: Citation `franklin2012modeling' on page 13 undefined on
 input line 1073.


Package natbib Warning: Citation `poorter2015does' on page 13 undefined on inpu
t line 1075.

[13

]

Package natbib Warning: Citation `sala2012carbon' on page 14 undefined on input
 line 1079.


Package natbib Warning: Citation `dietze2014nonstructural' on page 14 undefined
 on input line 1079.


Package natbib Warning: Citation `palmroth2006aboveground' on page 14 undefined
 on input line 1081.


Package natbib Warning: Citation `iversen2014terrestrial' on page 14 undefined 
on input line 1081.


Package natbib Warning: Citation `shipley2002balanced' on page 14 undefined on 
input line 1081.


Package natbib Warning: Citation `poorter2012biomass' on page 14 undefined on i
nput line 1081.


Package natbib Warning: Citation `smith2007coordination' on page 14 undefined o
n input line 1085.


Package natbib Warning: Citation `kozlowski1992carbohydrate' on page 14 undefin
ed on input line 1085.


Package natbib Warning: Citation `sage1994acclimation' on page 14 undefined on 
input line 1085.


Package natbib Warning: Citation `kitao2007interaction' on page 14 undefined on
 input line 1085.


Package natbib Warning: Citation `chapin1990ecology' on page 14 undefined on in
put line 1085.


Package natbib Warning: Citation `hoch2002altitudinal' on page 14 undefined on 
input line 1087.


Package natbib Warning: Citation `iglesias2002regulation' on page 14 undefined 
on input line 1087.


Package natbib Warning: Citation `equiza2006photosynthetic' on page 14 undefine
d on input line 1087.


Package natbib Warning: Citation `urban2007girdling;' on page 14 undefined on i
nput line 1087.


Package natbib Warning: Citation `haouari2013fruit' on page 14 undefined on inp
ut line 1087.

[14]

Package natbib Warning: Citation `palacio2014does' on page 15 undefined on inpu
t line 1089.


Package natbib Warning: Citation `genet2010age' on page 15 undefined on input l
ine 1089.


Package natbib Warning: Citation `niinemets2009packing' on page 15 undefined on
 input line 1093.


Package natbib Warning: Citation `de1997simple' on page 15 undefined on input l
ine 1093.


Package natbib Warning: Citation `linderson2012up' on page 15 undefined on inpu
t line 1093.


Package natbib Warning: Citation `dai2004two' on page 15 undefined on input lin
e 1093.


Package natbib Warning: Citation `peltoniemi2012co' on page 15 undefined on inp
ut line 1093.


Package natbib Warning: Citation `niinemets2012optimization' on page 15 undefin
ed on input line 1093.


Package natbib Warning: Citation `cgivnish1988adaptation' on page 15 undefined 
on input line 1093.


Package natbib Warning: Citation `cowan1977stomatal' on page 15 undefined on in
put line 1093.


Package natbib Warning: Citation `medlyn2011reconciling' on page 15 undefined o
n input line 1093.


Package natbib Warning: Citation `peltoniemi2012co' on page 15 undefined on inp
ut line 1093.


Package natbib Warning: Citation `wright2003least' on page 15 undefined on inpu
t line 1093.


Package natbib Warning: Citation `heroult2013optimal' on page 15 undefined on i
nput line 1093.


Package natbib Warning: Citation `prentice2014balancing' on page 15 undefined o
n input line 1093.


Package natbib Warning: Citation `lin2015optimal' on page 15 undefined on input
 line 1093.


Package natbib Warning: Citation `wright2003least' on page 15 undefined on inpu
t line 1095.

[15]

Package natbib Warning: Citation `peltoniemi2012co' on page 16 undefined on inp
ut line 1097.


Package natbib Warning: Citation `pearcy2012two' on page 16 undefined on input 
line 1097.


Package natbib Warning: Citation `tausz2005dynamic' on page 16 undefined on inp
ut line 1097.


Package natbib Warning: Citation `field1983allocating' on page 16 undefined on 
input line 1102.


Package natbib Warning: Citation `cowan1981coping' on page 16 undefined on inpu
t line 1105.


Package natbib Warning: Citation `king1997functional' on page 16 undefined on i
nput line 1105.


Package natbib Warning: Citation `james2000leaf' on page 16 undefined on input 
line 1105.


Package natbib Warning: Citation `falster2003leaf' on page 16 undefined on inpu
t line 1105.

[16]

Package natbib Warning: Citation `ipcc2014' on page 17 undefined on input line 
1107.

[17] [18

]

Package natbib Warning: There were undefined citations.

[19

]
(C:\Users\90919620\github_repos\hie_thesis_campany\thesis\thesis_campany.aux)

LaTeX Font Warning: Size substitutions with differences
(Font)              up to 1.97499pt have occurred.


LaTeX Font Warning: Some font shapes were not available, defaults substituted.

 ) 
Here is how much of TeX's memory you used:
 8951 strings out of 493921
 133250 string characters out of 3147273
 193808 words of memory out of 3000000
 12008 multiletter control sequences out of 15000+200000
 110443 words of font info for 167 fonts, out of 3000000 for 9000
 841 hyphenation exceptions out of 8191
 53i,14n,92p,2188b,496s stack positions out of 5000i,500n,10000p,200000b,50000s
{C:/Users/90919620/AppData/Roaming/MiKTeX/2.9/fonts/enc/dvips/newtx/ntx-ot1-t
lf.enc}{C:/Users/90919620/AppData/Roaming/MiKTeX/2.9/fonts/enc/dvips/tex-gyre/q
-ts1.enc}{C:/Users/90919620/AppData/Roaming/MiKTeX/2.9/fonts/enc/dvips/newtx/nt
x-ec-tlf.enc}<C:/Users/90919620/AppData/Roaming/MiKTeX/2.9/fonts/type1/public/c
bgreek/grmn1000.pfb><C:/Users/90919620/AppData/Roaming/MiKTeX/2.9/fonts/type1/p
ublic/tex-gyre/qtmb.pfb><C:/Users/90919620/AppData/Roaming/MiKTeX/2.9/fonts/typ
e1/public/tex-gyre/qtmbi.pfb><C:/Users/90919620/AppData/Roaming/MiKTeX/2.9/font
s/type1/public/tex-gyre/qtmr.pfb><C:/Users/90919620/AppData/Roaming/MiKTeX/2.9/
fonts/type1/public/tex-gyre/qtmri.pfb><C:/Users/90919620/AppData/Roaming/MiKTeX
/2.9/fonts/type1/public/txfonts/rtxmi.pfb><C:/Users/90919620/AppData/Roaming/Mi
KTeX/2.9/fonts/type1/public/txfonts/t1xtt.pfb><C:/Users/90919620/AppData/Roamin
g/MiKTeX/2.9/fonts/type1/public/txfonts/txmia.pfb><C:/Users/90919620/AppData/Ro
aming/MiKTeX/2.9/fonts/type1/public/txfonts/txsy.pfb><C:/Users/90919620/AppData
/Roaming/MiKTeX/2.9/fonts/type1/public/wasy/wasy10.pfb>
Output written on thesis_campany.pdf (62 pages, 4398753 bytes).
PDF statistics:
 514 PDF objects out of 1000 (max. 8388607)
 0 named destinations out of 1000 (max. 500000)
 146 words of extra memory for PDF output out of 10000 (max. 10000000)

